# JRE version: Java(TM) SE Runtime Environment (7.0_79-b15) (build 1.7.0_79-b15)
# Java VM: Java HotSpot(TM) 64-Bit Server VM (24.79-b02 mixed mode windows-amd64 compressed oops)
Heap
 PSYoungGen      total 291328K, used 180296K [0x00000000eaa80000, 0x00000000fed00000, 0x0000000100000000)
  eden space 284160K, 63% used [0x00000000eaa80000,0x00000000f5a92380,0x00000000fc000000)
  from space 7168K, 0% used [0x00000000fc000000,0x00000000fc000000,0x00000000fc700000)
  to   space 23040K, 0% used [0x00000000fd680000,0x00000000fd680000,0x00000000fed00000)
 ParOldGen       total 86016K, used 56058K [0x00000000c0000000, 0x00000000c5400000, 0x00000000eaa80000)
  object space 86016K, 65% used [0x00000000c0000000,0x00000000c36be9a0,0x00000000c5400000)
 PSPermGen       total 111104K, used 55060K [0x00000000b0000000, 0x00000000b6c80000, 0x00000000c0000000)
  object space 111104K, 49% used [0x00000000b0000000,0x00000000b35c5128,0x00000000b6c80000)
GC Heap History (10 events):
Event: 265.061 GC heap before
{Heap before GC invocations=14 (full 1):
 PSYoungGen      total 323072K, used 297472K [0x00000000eaa80000, 0x0000000100000000, 0x0000000100000000)
  eden space 297472K, 100% used [0x00000000eaa80000,0x00000000fcd00000,0x00000000fcd00000)
  from space 25600K, 0% used [0x00000000fe700000,0x00000000fe700000,0x0000000100000000)
  to   space 26112K, 0% used [0x00000000fcd00000,0x00000000fcd00000,0x00000000fe680000)
 ParOldGen       total 86016K, used 58532K [0x00000000c0000000, 0x00000000c5400000, 0x00000000eaa80000)
  object space 86016K, 68% used [0x00000000c0000000,0x00000000c39290f0,0x00000000c5400000)
 PSPermGen       total 95744K, used 49344K [0x00000000b0000000, 0x00000000b5d80000, 0x00000000c0000000)
  object space 95744K, 51% used [0x00000000b0000000,0x00000000b3030398,0x00000000b5d80000)
Event: 265.090 GC heap after
Heap after GC invocations=14 (full 1):
 PSYoungGen      total 294400K, used 10171K [0x00000000eaa80000, 0x00000000ff000000, 0x0000000100000000)
  eden space 284160K, 0% used [0x00000000eaa80000,0x00000000eaa80000,0x00000000fc000000)
  from space 10240K, 99% used [0x00000000fcd00000,0x00000000fd6eed98,0x00000000fd700000)
  to   space 24576K, 0% used [0x00000000fd800000,0x00000000fd800000,0x00000000ff000000)
 ParOldGen       total 86016K, used 58532K [0x00000000c0000000, 0x00000000c5400000, 0x00000000eaa80000)
  object space 86016K, 68% used [0x00000000c0000000,0x00000000c39290f0,0x00000000c5400000)
 PSPermGen       total 95744K, used 49344K [0x00000000b0000000, 0x00000000b5d80000, 0x00000000c0000000)
  object space 95744K, 51% used [0x00000000b0000000,0x00000000b3030398,0x00000000b5d80000)
}
Event: 290.900 GC heap before
{Heap before GC invocations=15 (full 1):
 PSYoungGen      total 294400K, used 109254K [0x00000000eaa80000, 0x00000000ff000000, 0x0000000100000000)
  eden space 284160K, 34% used [0x00000000eaa80000,0x00000000f0b42bd8,0x00000000fc000000)
  from space 10240K, 99% used [0x00000000fcd00000,0x00000000fd6eed98,0x00000000fd700000)
  to   space 24576K, 0% used [0x00000000fd800000,0x00000000fd800000,0x00000000ff000000)
 ParOldGen       total 86016K, used 58532K [0x00000000c0000000, 0x00000000c5400000, 0x00000000eaa80000)
  object space 86016K, 68% used [0x00000000c0000000,0x00000000c39290f0,0x00000000c5400000)
 PSPermGen       total 95744K, used 53662K [0x00000000b0000000, 0x00000000b5d80000, 0x00000000c0000000)
  object space 95744K, 56% used [0x00000000b0000000,0x00000000b3467880,0x00000000b5d80000)
Event: 290.910 GC heap after
Heap after GC invocations=15 (full 1):
 PSYoungGen      total 307712K, used 3944K [0x00000000eaa80000, 0x00000000fef00000, 0x0000000100000000)
  eden space 284160K, 0% used [0x00000000eaa80000,0x00000000eaa80000,0x00000000fc000000)
  from space 23552K, 16% used [0x00000000fd800000,0x00000000fdbda3f8,0x00000000fef00000)
  to   space 24064K, 0% used [0x00000000fc000000,0x00000000fc000000,0x00000000fd780000)
 ParOldGen       total 86016K, used 62222K [0x00000000c0000000, 0x00000000c5400000, 0x00000000eaa80000)
  object space 86016K, 72% used [0x00000000c0000000,0x00000000c3cc3a50,0x00000000c5400000)
 PSPermGen       total 95744K, used 53662K [0x00000000b0000000, 0x00000000b5d80000, 0x00000000c0000000)
  object space 95744K, 56% used [0x00000000b0000000,0x00000000b3467880,0x00000000b5d80000)
}
Event: 290.910 GC heap before
{Heap before GC invocations=16 (full 2):
 PSYoungGen      total 307712K, used 3944K [0x00000000eaa80000, 0x00000000fef00000, 0x0000000100000000)
  eden space 284160K, 0% used [0x00000000eaa80000,0x00000000eaa80000,0x00000000fc000000)
  from space 23552K, 16% used [0x00000000fd800000,0x00000000fdbda3f8,0x00000000fef00000)
  to   space 24064K, 0% used [0x00000000fc000000,0x00000000fc000000,0x00000000fd780000)
 ParOldGen       total 86016K, used 62222K [0x00000000c0000000, 0x00000000c5400000, 0x00000000eaa80000)
  object space 86016K, 72% used [0x00000000c0000000,0x00000000c3cc3a50,0x00000000c5400000)
 PSPermGen       total 95744K, used 53662K [0x00000000b0000000, 0x00000000b5d80000, 0x00000000c0000000)
  object space 95744K, 56% used [0x00000000b0000000,0x00000000b3467880,0x00000000b5d80000)
Event: 291.297 GC heap after
Heap after GC invocations=16 (full 2):
 PSYoungGen      total 307712K, used 0K [0x00000000eaa80000, 0x00000000fef00000, 0x0000000100000000)
  eden space 284160K, 0% used [0x00000000eaa80000,0x00000000eaa80000,0x00000000fc000000)
  from space 23552K, 0% used [0x00000000fd800000,0x00000000fd800000,0x00000000fef00000)
  to   space 24064K, 0% used [0x00000000fc000000,0x00000000fc000000,0x00000000fd780000)
 ParOldGen       total 86016K, used 56760K [0x00000000c0000000, 0x00000000c5400000, 0x00000000eaa80000)
  object space 86016K, 65% used [0x00000000c0000000,0x00000000c376e388,0x00000000c5400000)
 PSPermGen       total 112128K, used 53655K [0x00000000b0000000, 0x00000000b6d80000, 0x00000000c0000000)
  object space 112128K, 47% used [0x00000000b0000000,0x00000000b3465f60,0x00000000b6d80000)
}
Event: 1220.372 GC heap before
{Heap before GC invocations=17 (full 2):
 PSYoungGen      total 307712K, used 190018K [0x00000000eaa80000, 0x00000000fef00000, 0x0000000100000000)
  eden space 284160K, 66% used [0x00000000eaa80000,0x00000000f64108f8,0x00000000fc000000)
  from space 23552K, 0% used [0x00000000fd800000,0x00000000fd800000,0x00000000fef00000)
  to   space 24064K, 0% used [0x00000000fc000000,0x00000000fc000000,0x00000000fd780000)
 ParOldGen       total 86016K, used 56760K [0x00000000c0000000, 0x00000000c5400000, 0x00000000eaa80000)
  object space 86016K, 65% used [0x00000000c0000000,0x00000000c376e388,0x00000000c5400000)
 PSPermGen       total 112128K, used 54536K [0x00000000b0000000, 0x00000000b6d80000, 0x00000000c0000000)
  object space 112128K, 48% used [0x00000000b0000000,0x00000000b35421f0,0x00000000b6d80000)
Event: 1220.385 GC heap after
Heap after GC invocations=17 (full 2):
 PSYoungGen      total 291328K, used 6847K [0x00000000eaa80000, 0x00000000fed00000, 0x0000000100000000)
  eden space 284160K, 0% used [0x00000000eaa80000,0x00000000eaa80000,0x00000000fc000000)
  from space 7168K, 95% used [0x00000000fc000000,0x00000000fc6afc38,0x00000000fc700000)
  to   space 23040K, 0% used [0x00000000fd680000,0x00000000fd680000,0x00000000fed00000)
 ParOldGen       total 86016K, used 56760K [0x00000000c0000000, 0x00000000c5400000, 0x00000000eaa80000)
  object space 86016K, 65% used [0x00000000c0000000,0x00000000c376e388,0x00000000c5400000)
 PSPermGen       total 112128K, used 54536K [0x00000000b0000000, 0x00000000b6d80000, 0x00000000c0000000)
  object space 112128K, 48% used [0x00000000b0000000,0x00000000b35421f0,0x00000000b6d80000)
}
Event: 1220.386 GC heap before
{Heap before GC invocations=18 (full 3):
 PSYoungGen      total 291328K, used 6847K [0x00000000eaa80000, 0x00000000fed00000, 0x0000000100000000)
  eden space 284160K, 0% used [0x00000000eaa80000,0x00000000eaa80000,0x00000000fc000000)
  from space 7168K, 95% used [0x00000000fc000000,0x00000000fc6afc38,0x00000000fc700000)
  to   space 23040K, 0% used [0x00000000fd680000,0x00000000fd680000,0x00000000fed00000)
 ParOldGen       total 86016K, used 56760K [0x00000000c0000000, 0x00000000c5400000, 0x00000000eaa80000)
  object space 86016K, 65% used [0x00000000c0000000,0x00000000c376e388,0x00000000c5400000)
 PSPermGen       total 112128K, used 54536K [0x00000000b0000000, 0x00000000b6d80000, 0x00000000c0000000)
  object space 112128K, 48% used [0x00000000b0000000,0x00000000b35421f0,0x00000000b6d80000)
Event: 1220.841 GC heap after
Heap after GC invocations=18 (full 3):
 PSYoungGen      total 291328K, used 0K [0x00000000eaa80000, 0x00000000fed00000, 0x0000000100000000)
  eden space 284160K, 0% used [0x00000000eaa80000,0x00000000eaa80000,0x00000000fc000000)
  from space 7168K, 0% used [0x00000000fc000000,0x00000000fc000000,0x00000000fc700000)
  to   space 23040K, 0% used [0x00000000fd680000,0x00000000fd680000,0x00000000fed00000)
 ParOldGen       total 86016K, used 56058K [0x00000000c0000000, 0x00000000c5400000, 0x00000000eaa80000)
  object space 86016K, 65% used [0x00000000c0000000,0x00000000c36be9a0,0x00000000c5400000)
 PSPermGen       total 111104K, used 54324K [0x00000000b0000000, 0x00000000b6c80000, 0x00000000c0000000)
  object space 111104K, 48% used [0x00000000b0000000,0x00000000b350d1d8,0x00000000b6c80000)
}

